{ message: 'Sign Up page rendering',
  level: 'info',
  timestamp: '2020-03-30T07:36:50.604Z' }
{ level: 'info',
  message: 'check user existence : ',
  timestamp: '2020-03-30T07:37:17.775Z' }
{ level: 'info',
  message: 'check user existence : ',
  timestamp: '2020-03-30T07:37:41.714Z' }
{ message: 'Sign Up page rendering',
  level: 'info',
  timestamp: '2020-03-30T07:39:58.997Z' }
{ level: 'info',
  message: 'check user existence : ',
  timestamp: '2020-03-30T07:40:19.621Z' }
{ message: 'Sign Up page rendering',
  level: 'info',
  timestamp: '2020-03-30T07:42:57.953Z' }
{ level: 'info',
  message: 'check user existence : ',
  timestamp: '2020-03-30T07:43:15.881Z' }
{ message: 'Sign Up page rendering',
  level: 'info',
  timestamp: '2020-03-30T07:58:46.624Z' }
{ level: 'info',
  message: 'check user existence : ',
  timestamp: '2020-03-30T07:59:17.003Z' }
{ message: 'Sign Up page rendering',
  level: 'info',
  timestamp: '2020-03-30T08:01:40.654Z' }
{ level: 'info',
  message: 'check user existence : ',
  timestamp: '2020-03-30T08:02:14.103Z' }
{ message: 'Sign Up page rendering',
  level: 'info',
  timestamp: '2020-03-30T08:03:44.123Z' }
{ level: 'info',
  message: 'check user existence : ',
  timestamp: '2020-03-30T08:04:40.250Z' }
{ message: 'Sign Up page rendering',
  level: 'info',
  timestamp: '2020-03-30T08:05:28.044Z' }
{ level: 'info',
  message: 'check user existence : ',
  timestamp: '2020-03-30T08:05:52.384Z' }
{ message: 'Sign Up page rendering',
  level: 'info',
  timestamp: '2020-03-30T08:10:03.025Z' }
{ level: 'info',
  message: 'check user existence : ',
  timestamp: '2020-03-30T08:10:41.374Z' }
{ message: 'Sign Up page rendering',
  level: 'info',
  timestamp: '2020-03-30T08:13:16.116Z' }
{ level: 'info',
  message: 'check user existence : ',
  timestamp: '2020-03-30T08:13:43.385Z' }
{ level: 'info',
  message: 'check user existence : ',
  timestamp: '2020-03-30T08:14:06.484Z' }
{ level: 'info',
  message: 'check user existence : ',
  timestamp: '2020-03-30T08:14:26.208Z' }
{ message: 'Sign Up page rendering',
  level: 'info',
  timestamp: '2020-03-30T08:16:27.394Z' }
{ level: 'info',
  message: 'check user existence : ',
  timestamp: '2020-03-30T08:17:03.220Z' }
{ level: 'info',
  message: 'check user existence : ',
  timestamp: '2020-03-30T08:17:31.236Z' }
{ level: 'info',
  message: 'check user existence : ',
  timestamp: '2020-03-30T08:19:57.936Z' }
{ message: 'Sign Up page rendering',
  level: 'info',
  timestamp: '2020-03-30T08:23:22.756Z' }
{ level: 'info',
  message: 'check user existence : ',
  timestamp: '2020-03-30T08:24:14.600Z' }
{ level: 'info',
  message: 'check user existence : ',
  timestamp: '2020-03-30T08:25:14.397Z' }
{ level: 'info',
  message: 'check user existence : ',
  timestamp: '2020-03-30T08:25:47.876Z' }
{ level: 'info',
  message: 'check user existence : ',
  timestamp: '2020-03-30T08:26:08.990Z' }
{ level: 'info',
  message: 'check user existence : ',
  timestamp: '2020-03-30T08:28:07.436Z' }
{ level: 'info',
  message: 'check user existence : ',
  timestamp: '2020-03-30T08:28:29.165Z' }
{ message: 'Sign Up page rendering',
  level: 'info',
  timestamp: '2020-03-30T08:28:40.232Z' }
{ level: 'info',
  message: 'check user existence : ',
  timestamp: '2020-03-30T08:28:59.810Z' }
{ level: 'info',
  message: 'check user existence : ',
  timestamp: '2020-03-30T08:29:28.345Z' }
{ level: 'info',
  message: 'check user existence : ',
  timestamp: '2020-03-30T08:29:48.633Z' }
{ level: 'info',
  message: 'check user existence : ',
  timestamp: '2020-03-30T08:30:43.715Z' }
{ message: 'Sign Up page rendering',
  level: 'info',
  timestamp: '2020-03-30T08:30:54.629Z' }
{ level: 'info',
  message: 'check user existence : ',
  timestamp: '2020-03-30T08:31:11.803Z' }
{ level: 'info',
  message: 'check user existence : ',
  timestamp: '2020-03-30T08:32:16.301Z' }
{ level: 'info',
  message: 'check user existence : ',
  timestamp: '2020-03-30T08:32:29.639Z' }
{ message: 'Sign Up page rendering',
  level: 'info',
  timestamp: '2020-03-30T08:32:44.011Z' }
{ level: 'info',
  message: 'check user existence : ',
  timestamp: '2020-03-30T08:33:14.327Z' }
{ level: 'info',
  message: 'check user existence : ',
  timestamp: '2020-03-30T08:34:01.639Z' }
{ level: 'info',
  message: 'check user existence : ',
  timestamp: '2020-03-30T08:34:09.622Z' }
{ level: 'info',
  message: 'check user existence : ',
  timestamp: '2020-03-30T08:34:23.005Z' }
{ level: 'info',
  message: 'check user existence : ',
  timestamp: '2020-03-30T08:35:16.472Z' }
{ level: 'info',
  message: 'check user existence : ',
  timestamp: '2020-03-30T08:36:10.078Z' }
{ level: 'info',
  message: 'check user existence : ',
  timestamp: '2020-03-30T08:37:01.957Z' }
{ level: 'info',
  message: 'check user existence : ',
  timestamp: '2020-03-30T08:37:01.961Z' }
{ level: 'info',
  message: 'check user existence : ',
  timestamp: '2020-03-30T08:37:36.767Z' }
{ level: 'info',
  message: 'check user existence : ',
  timestamp: '2020-03-30T08:37:36.775Z' }
{ level: 'info',
  message: 'check user existence : ',
  timestamp: '2020-03-30T08:38:40.269Z' }
{ level: 'info',
  message: 'check user existence : ',
  timestamp: '2020-03-30T08:38:40.275Z' }
{ message: 'Sign Up page rendering',
  level: 'info',
  timestamp: '2020-03-30T08:51:37.987Z' }
{ message: 'Sign Up page rendering',
  level: 'info',
  timestamp: '2020-03-30T08:53:15.544Z' }
{ message: 'Sign Up page rendering',
  level: 'info',
  timestamp: '2020-03-30T08:57:54.403Z' }
{ message: 'Sign Up page rendering',
  level: 'info',
  timestamp: '2020-03-30T08:59:15.916Z' }
{ message: 'Sign Up page rendering',
  level: 'info',
  timestamp: '2020-03-30T11:16:38.827Z' }
{ message: 'Sign Up page rendering',
  level: 'info',
  timestamp: '2020-03-30T11:25:10.980Z' }
{ message: 'Sign Up page rendering',
  level: 'info',
  timestamp: '2020-03-30T12:42:37.580Z' }
{ message: 'Sign Up page rendering',
  level: 'info',
  timestamp: '2020-03-30T12:47:10.252Z' }
{ message: 'Sign Up page rendering',
  level: 'info',
  timestamp: '2020-03-30T12:50:08.036Z' }
{ message: 'Sign Up page rendering',
  level: 'info',
  timestamp: '2020-03-30T12:52:09.853Z' }
{ message: 'Sign Up page rendering',
  level: 'info',
  timestamp: '2020-03-30T12:53:09.519Z' }
{ message: 'Sign Up page rendering',
  level: 'info',
  timestamp: '2020-03-30T12:53:09.925Z' }
{ message: 'Sign Up page rendering',
  level: 'info',
  timestamp: '2020-03-30T12:53:10.299Z' }
{ message: 'Sign Up page rendering',
  level: 'info',
  timestamp: '2020-03-30T12:53:45.609Z' }
{ message: 'Sign Up page rendering',
  level: 'info',
  timestamp: '2020-03-30T12:56:05.530Z' }
{ message: 'Sign Up page rendering',
  level: 'info',
  timestamp: '2020-03-30T12:56:33.826Z' }
